New log file opened at Wed May 06 11:05:24 CEST 2015 by 8363@c126-13
jvm 8363@c126-13
jvm vmName=OpenJDK 64-Bit Server VM vmVendor=Oracle Corporation vmVersion=24.79-b02
jvm specName=Java Virtual Machine Specification specVendor=Oracle Corporation specVersion=1.7
jvm arguments: [-Xms256m, -Xmx1024m, -XX:PermSize=64m, -XX:MaxPermSize=256m]
Starting event engine
Starting sbt command engine
Waiting for sbt command engine
Command engine arguments=List()
Command engine baseDirectory=/cal/homes/pdeboisset/Documents/P4/hakka/minimal-java
Command engine initial remaining commands List(--initialize, onFailure load-failed, boot, server-send-ready-for-request, server-handle-next-server-request)
> --initialize
> initialize
> onFailure load-failed
> boot
> reload
[Loading] Scanning directory /cal/homes/pdeboisset/Documents/P4/hakka/minimal-java/project
[Loading] Found non-root projects 
[Loading] Done in /cal/homes/pdeboisset/Documents/P4/hakka/minimal-java/project, returning: ()
deducing auto plugins based on known facts Set(Atom(sbt.plugins.CorePlugin)) and clauses Clauses(List(Clause(Atom(sbt.plugins.JvmPlugin),Set(Atom(sbt.plugins.IvyPlugin))), Clause(Atom(sbt.plugins.JUnitXmlReportPlugin),Set(Atom(sbt.plugins.JvmPlugin))), Clause(Atom(sbt.plugins.CorePlugin),Set(Atom(sbt.plugins.IvyPlugin))), Clause(Atom(sbt.plugins.IvyPlugin),Set(Atom(sbt.plugins.JvmPlugin))), Clause(Atom(sbt.plugins.JvmPlugin),Set(Atom(sbt.plugins.JUnitXmlReportPlugin)))))
  :: deduced result: Matched(sbt.plugins.CorePlugin,sbt.plugins.IvyPlugin,sbt.plugins.JvmPlugin,sbt.plugins.JUnitXmlReportPlugin)
sorting: ns: List(sbt.plugins.CorePlugin, sbt.plugins.IvyPlugin, sbt.plugins.JvmPlugin, sbt.plugins.JUnitXmlReportPlugin)
  :: sorting:: found: List(sbt.plugins.CorePlugin) not found List(sbt.plugins.IvyPlugin, sbt.plugins.JvmPlugin, sbt.plugins.JUnitXmlReportPlugin)
  :: sorting:: found: List(sbt.plugins.CorePlugin, sbt.plugins.IvyPlugin) not found List(sbt.plugins.JvmPlugin, sbt.plugins.JUnitXmlReportPlugin)
  :: sorting:: found: List(sbt.plugins.CorePlugin, sbt.plugins.IvyPlugin, sbt.plugins.JvmPlugin) not found List(sbt.plugins.JUnitXmlReportPlugin)
  :: sorting:: found: List(sbt.plugins.CorePlugin, sbt.plugins.IvyPlugin, sbt.plugins.JvmPlugin, sbt.plugins.JUnitXmlReportPlugin) not found List()
  :: sorted deduced result: List(sbt.plugins.CorePlugin, sbt.plugins.IvyPlugin, sbt.plugins.JvmPlugin, sbt.plugins.JUnitXmlReportPlugin)
[Loading] Done in /cal/homes/pdeboisset/Documents/P4/hakka/minimal-java/project, returning: (minimal-java-build)
Loading project definition from /cal/homes/pdeboisset/Documents/P4/hakka/minimal-java/project
Running task... Cancel: sbt.TaskCancellationStrategy$Null$@7133f39c, check cycles: false

Initial source changes: 
	removed:Set()
	added: Set()
	modified: Set()
Removed products: Set()
External API changes: API Changes: Set()
Modified binary dependencies: Set()
Initial directly invalidated sources: Set()

Sources indirectly invalidated by:
	product: Set()
	binary dep: Set()
	external source: Set()
All initially invalidated sources: Set()

Copy resource mappings: 
	
[Loading] Scanning directory /cal/homes/pdeboisset/Documents/P4/hakka/minimal-java
[Loading] Found non-root projects 
[Loading] Done in /cal/homes/pdeboisset/Documents/P4/hakka/minimal-java, returning: ()
deducing auto plugins based on known facts Set(Atom(sbt.plugins.CorePlugin)) and clauses Clauses(List(Clause(Atom(sbt.plugins.JvmPlugin),Set(Atom(sbt.plugins.IvyPlugin))), Clause(Atom(sbt.plugins.JUnitXmlReportPlugin),Set(Atom(sbt.plugins.JvmPlugin))), Clause(Atom(sbt.plugins.BackgroundRunPlugin),Set(Atom(sbt.plugins.JvmPlugin))), Clause(Atom(play.sbt.forkrun.PlayForkRun),Set(Atom(sbt.plugins.BackgroundRunPlugin))), Clause(Atom(play.sbt.forkrun.PlayForkRun),Set(Atom(play.Play))), Clause(Atom(play.sbt.forkrun.PlayForkRun),Set(Atom(sbt.plugins.SerializersPlugin))), Clause(Atom(play.Play),Set(Atom(com.typesafe.sbt.webdriver.SbtWebDriver))), Clause(Atom(play.Play),Set(Atom(play.twirl.sbt.SbtTwirl))), Clause(Atom(play.Play),Set(Atom(com.typesafe.sbt.jse.SbtJsTask))), Clause(Atom(play.PlayJava),Set(Atom(play.Play))), Clause(Atom(play.PlayScala),Set(Atom(play.Play))), Clause(Atom(play.twirl.sbt.SbtTwirl),Set(Atom(sbt.plugins.JvmPlugin))), Clause(Atom(com.typesafe.sbt.jse.SbtJsEngine),Set(Atom(com.typesafe.sbt.web.SbtWeb))), Clause(Atom(com.typesafe.sbt.jse.SbtJsTask),Set(Atom(com.typesafe.sbt.jse.SbtJsEngine))), Clause(Atom(com.typesafe.sbt.webdriver.SbtWebDriver),Set(Atom(com.typesafe.sbt.web.SbtWeb))), Clause(Atom(sbt.plugins.CorePlugin),Set(Atom(sbt.plugins.IvyPlugin))), Clause(Atom(sbt.plugins.IvyPlugin),Set(Atom(sbt.plugins.JvmPlugin))), Clause(Atom(sbt.plugins.JvmPlugin),Set(Atom(sbt.plugins.JUnitXmlReportPlugin))), Clause(Atom(sbt.plugins.JvmPlugin),Set(Atom(sbt.plugins.BackgroundRunPlugin))), Clause(Atom(sbt.plugins.CorePlugin),Set(Atom(sbt.plugins.InteractionServicePlugin))), Clause(Atom(sbt.plugins.CorePlugin),Set(Atom(sbt.plugins.SendEventServicePlugin))), Clause(Atom(sbt.plugins.CorePlugin),Set(Atom(sbt.plugins.SerializersPlugin))), Clause(And(Set(Atom(sbt.plugins.BackgroundRunPlugin), Atom(play.Play), Atom(sbt.plugins.SerializersPlugin))),Set(Atom(play.sbt.forkrun.PlayForkRun))), Clause(Atom(com.typesafe.sbt.web.SbtWeb),Set(Atom(com.typesafe.sbt.jse.SbtJsEngine))), Clause(Atom(com.typesafe.sbt.jse.SbtJsEngine),Set(Atom(com.typesafe.sbt.jse.SbtJsTask))), Clause(Atom(com.typesafe.sbt.web.SbtWeb),Set(Atom(com.typesafe.sbt.webdriver.SbtWebDriver)))))
  :: deduced result: Matched(sbt.plugins.CorePlugin,sbt.plugins.SerializersPlugin,sbt.plugins.SendEventServicePlugin,sbt.plugins.InteractionServicePlugin,sbt.plugins.IvyPlugin,sbt.plugins.JvmPlugin,sbt.plugins.BackgroundRunPlugin,sbt.plugins.JUnitXmlReportPlugin)
sorting: ns: List(sbt.plugins.CorePlugin, sbt.plugins.SerializersPlugin, sbt.plugins.SendEventServicePlugin, sbt.plugins.InteractionServicePlugin, sbt.plugins.IvyPlugin, sbt.plugins.JvmPlugin, sbt.plugins.BackgroundRunPlugin, sbt.plugins.JUnitXmlReportPlugin)
  :: sorting:: found: List(sbt.plugins.CorePlugin) not found List(sbt.plugins.SerializersPlugin, sbt.plugins.SendEventServicePlugin, sbt.plugins.InteractionServicePlugin, sbt.plugins.IvyPlugin, sbt.plugins.JvmPlugin, sbt.plugins.BackgroundRunPlugin, sbt.plugins.JUnitXmlReportPlugin)
  :: sorting:: found: List(sbt.plugins.CorePlugin, sbt.plugins.SerializersPlugin, sbt.plugins.SendEventServicePlugin, sbt.plugins.InteractionServicePlugin, sbt.plugins.IvyPlugin) not found List(sbt.plugins.JvmPlugin, sbt.plugins.BackgroundRunPlugin, sbt.plugins.JUnitXmlReportPlugin)
  :: sorting:: found: List(sbt.plugins.CorePlugin, sbt.plugins.SerializersPlugin, sbt.plugins.SendEventServicePlugin, sbt.plugins.InteractionServicePlugin, sbt.plugins.IvyPlugin, sbt.plugins.JvmPlugin) not found List(sbt.plugins.BackgroundRunPlugin, sbt.plugins.JUnitXmlReportPlugin)
  :: sorting:: found: List(sbt.plugins.CorePlugin, sbt.plugins.SerializersPlugin, sbt.plugins.SendEventServicePlugin, sbt.plugins.InteractionServicePlugin, sbt.plugins.IvyPlugin, sbt.plugins.JvmPlugin, sbt.plugins.BackgroundRunPlugin, sbt.plugins.JUnitXmlReportPlugin) not found List()
  :: sorted deduced result: List(sbt.plugins.CorePlugin, sbt.plugins.SerializersPlugin, sbt.plugins.SendEventServicePlugin, sbt.plugins.InteractionServicePlugin, sbt.plugins.IvyPlugin, sbt.plugins.JvmPlugin, sbt.plugins.BackgroundRunPlugin, sbt.plugins.JUnitXmlReportPlugin)
[Loading] Done in /cal/homes/pdeboisset/Documents/P4/hakka/minimal-java, returning: (minimal-java)
Set current project to minimal-java (in build file:/cal/homes/pdeboisset/Documents/P4/hakka/minimal-java/)
Reapplying settings...
Set current project to minimal-java (in build file:/cal/homes/pdeboisset/Documents/P4/hakka/minimal-java/)
> iflast shell
> server-send-ready-for-request
> server-handle-next-server-request
> {file:/cal/homes/pdeboisset/Documents/P4/hakka/minimal-java/}minimal-java/compile:discoveredMainClasses
Evaluating tasks: compile:discoveredMainClasses
Running task... Cancel: sbt.server.ServerTaskCancellation@297468de, check cycles: false
Read from stdout: Updating {file:/cal/homes/pdeboisset/Documents/P4/hakka/minimal-java/}minimal-java...
Updating {file:/cal/homes/pdeboisset/Documents/P4/hakka/minimal-java/}minimal-java...
Other repositories:
Default repositories:
Using inline dependencies specified in Scala.
:: resolving dependencies :: default#minimal-java_2.11;1.0
	confs: [compile, runtime, test, provided, optional, compile-internal, runtime-internal, test-internal, plugin, sources, docs, pom, scala-tool]
	validate = true
	refresh = false
resolving dependencies for configuration 'compile'
== resolving dependencies for default#minimal-java_2.11;1.0 [compile]
== resolving dependencies default#minimal-java_2.11;1.0->org.scala-lang#scala-library;2.11.5 [compile->default(compile)]
Read from stdout: Resolving org.scala-lang#scala-library;2.11.5 ...
Resolving org.scala-lang#scala-library;2.11.5 ...
sbt-chain: Checking cache for: sbt.ivyint.MergedDescriptors@261e70ac
sbt-chain: module revision found in cache: org.scala-lang#scala-library;2.11.5
	found org.scala-lang#scala-library;2.11.5 in sbt-chain
	[2.11.5] org.scala-lang#scala-library;2.11.5
== resolving dependencies default#minimal-java_2.11;1.0->org.scala-lang#scala-library;2.11.5 [compile->runtime]
== resolving dependencies default#minimal-java_2.11;1.0->org.scala-lang#scala-library;2.11.5 [compile->compile]
== resolving dependencies default#minimal-java_2.11;1.0->org.scala-lang#scala-library;2.11.5 [compile->master]
resolving dependencies for configuration 'runtime'
== resolving dependencies for default#minimal-java_2.11;1.0 [runtime]
== resolving dependencies for default#minimal-java_2.11;1.0 [compile]
== resolving dependencies default#minimal-java_2.11;1.0->org.scala-lang#scala-library;2.11.5 [compile->default(compile)]
== resolving dependencies default#minimal-java_2.11;1.0->org.scala-lang#scala-library;2.11.5 [compile->runtime]
== resolving dependencies default#minimal-java_2.11;1.0->org.scala-lang#scala-library;2.11.5 [compile->compile]
== resolving dependencies default#minimal-java_2.11;1.0->org.scala-lang#scala-library;2.11.5 [compile->master]
resolving dependencies for configuration 'test'
== resolving dependencies for default#minimal-java_2.11;1.0 [test]
== resolving dependencies for default#minimal-java_2.11;1.0 [runtime]
== resolving dependencies for default#minimal-java_2.11;1.0 [compile]
== resolving dependencies default#minimal-java_2.11;1.0->org.scala-lang#scala-library;2.11.5 [compile->default(compile)]
== resolving dependencies default#minimal-java_2.11;1.0->org.scala-lang#scala-library;2.11.5 [compile->runtime]
== resolving dependencies default#minimal-java_2.11;1.0->org.scala-lang#scala-library;2.11.5 [compile->compile]
== resolving dependencies default#minimal-java_2.11;1.0->org.scala-lang#scala-library;2.11.5 [compile->master]
== resolving dependencies default#minimal-java_2.11;1.0->junit#junit;4.12 [test->default(compile)]
Read from stdout: Resolving junit#junit;4.12 ...
Resolving junit#junit;4.12 ...
sbt-chain: Checking cache for: dependency: junit#junit;4.12 {test=[default(compile)]}
sbt-chain: module revision found in cache: junit#junit;4.12
	found junit#junit;4.12 in sbt-chain
== resolving dependencies default#minimal-java_2.11;1.0->junit#junit;4.12 [test->runtime]
== resolving dependencies default#minimal-java_2.11;1.0->junit#junit;4.12 [test->compile]
== resolving dependencies junit#junit;4.12->org.hamcrest#hamcrest-core;1.3 [compile->compile(*)]
Read from stdout: Resolving org.hamcrest#hamcrest-core;1.3 ...
Resolving org.hamcrest#hamcrest-core;1.3 ...
sbt-chain: Checking cache for: dependency: org.hamcrest#hamcrest-core;1.3 {compile=[compile(*), master(compile)], runtime=[runtime(*)]}
sbt-chain: module revision found in cache: org.hamcrest#hamcrest-core;1.3
	found org.hamcrest#hamcrest-core;1.3 in sbt-chain
== resolving dependencies junit#junit;4.12->org.hamcrest#hamcrest-core;1.3 [compile->master(compile)]
== resolving dependencies junit#junit;4.12->org.hamcrest#hamcrest-core;1.3 [compile->runtime(*)]
== resolving dependencies junit#junit;4.12->org.hamcrest#hamcrest-core;1.3 [compile->compile]
== resolving dependencies junit#junit;4.12->org.hamcrest#hamcrest-core;1.3 [runtime->runtime(*)]
== resolving dependencies junit#junit;4.12->org.hamcrest#hamcrest-core;1.3 [runtime->compile]
== resolving dependencies default#minimal-java_2.11;1.0->junit#junit;4.12 [test->master]
== resolving dependencies default#minimal-java_2.11;1.0->com.novocode#junit-interface;0.11 [test->default(compile)]
Read from stdout: Resolving com.novocode#junit-interface;0.11 ...
Resolving com.novocode#junit-interface;0.11 ...
sbt-chain: Checking cache for: dependency: com.novocode#junit-interface;0.11 {test=[default(compile)]}
sbt-chain: module revision found in cache: com.novocode#junit-interface;0.11
	found com.novocode#junit-interface;0.11 in sbt-chain
== resolving dependencies default#minimal-java_2.11;1.0->com.novocode#junit-interface;0.11 [test->runtime]
== resolving dependencies default#minimal-java_2.11;1.0->com.novocode#junit-interface;0.11 [test->compile]
== resolving dependencies com.novocode#junit-interface;0.11->junit#junit;4.11 [compile->master(*)]
== resolving dependencies com.novocode#junit-interface;0.11->junit#junit;4.12 [compile->master(*)]
== resolving dependencies com.novocode#junit-interface;0.11->junit#junit;4.11 [compile->compile(*)]
== resolving dependencies com.novocode#junit-interface;0.11->junit#junit;4.12 [compile->compile(*)]
== resolving dependencies com.novocode#junit-interface;0.11->org.scala-sbt#test-interface;1.0 [compile->master(*)]
Read from stdout: Resolving org.scala-sbt#test-interface;1.0 ...
Resolving org.scala-sbt#test-interface;1.0 ...
sbt-chain: Checking cache for: dependency: org.scala-sbt#test-interface;1.0 {compile=[compile(*), master(*)], runtime=[runtime(*)]}
sbt-chain: module revision found in cache: org.scala-sbt#test-interface;1.0
	found org.scala-sbt#test-interface;1.0 in sbt-chain
== resolving dependencies com.novocode#junit-interface;0.11->org.scala-sbt#test-interface;1.0 [compile->compile(*)]
== resolving dependencies com.novocode#junit-interface;0.11->org.scala-sbt#test-interface;1.0 [compile->runtime(*)]
== resolving dependencies com.novocode#junit-interface;0.11->org.scala-sbt#test-interface;1.0 [compile->compile]
== resolving dependencies com.novocode#junit-interface;0.11->junit#junit;4.11 [runtime->runtime(*)]
== resolving dependencies com.novocode#junit-interface;0.11->junit#junit;4.12 [runtime->runtime(*)]
== resolving dependencies com.novocode#junit-interface;0.11->junit#junit;4.12 [runtime->compile]
== resolving dependencies com.novocode#junit-interface;0.11->org.scala-sbt#test-interface;1.0 [runtime->runtime(*)]
== resolving dependencies com.novocode#junit-interface;0.11->org.scala-sbt#test-interface;1.0 [runtime->compile]
== resolving dependencies default#minimal-java_2.11;1.0->com.novocode#junit-interface;0.11 [test->master]
resolving dependencies for configuration 'provided'
== resolving dependencies for default#minimal-java_2.11;1.0 [provided]
resolving dependencies for configuration 'optional'
== resolving dependencies for default#minimal-java_2.11;1.0 [optional]
resolving dependencies for configuration 'compile-internal'
== resolving dependencies for default#minimal-java_2.11;1.0 [compile-internal]
== resolving dependencies for default#minimal-java_2.11;1.0 [compile]
== resolving dependencies default#minimal-java_2.11;1.0->org.scala-lang#scala-library;2.11.5 [compile->default(compile)]
== resolving dependencies default#minimal-java_2.11;1.0->org.scala-lang#scala-library;2.11.5 [compile->runtime]
== resolving dependencies default#minimal-java_2.11;1.0->org.scala-lang#scala-library;2.11.5 [compile->compile]
== resolving dependencies default#minimal-java_2.11;1.0->org.scala-lang#scala-library;2.11.5 [compile->master]
== resolving dependencies for default#minimal-java_2.11;1.0 [optional]
== resolving dependencies for default#minimal-java_2.11;1.0 [provided]
resolving dependencies for configuration 'runtime-internal'
== resolving dependencies for default#minimal-java_2.11;1.0 [runtime-internal]
== resolving dependencies for default#minimal-java_2.11;1.0 [runtime]
== resolving dependencies for default#minimal-java_2.11;1.0 [compile]
== resolving dependencies default#minimal-java_2.11;1.0->org.scala-lang#scala-library;2.11.5 [compile->default(compile)]
== resolving dependencies default#minimal-java_2.11;1.0->org.scala-lang#scala-library;2.11.5 [compile->runtime]
== resolving dependencies default#minimal-java_2.11;1.0->org.scala-lang#scala-library;2.11.5 [compile->compile]
== resolving dependencies default#minimal-java_2.11;1.0->org.scala-lang#scala-library;2.11.5 [compile->master]
== resolving dependencies for default#minimal-java_2.11;1.0 [optional]
resolving dependencies for configuration 'test-internal'
== resolving dependencies for default#minimal-java_2.11;1.0 [test-internal]
== resolving dependencies for default#minimal-java_2.11;1.0 [test]
== resolving dependencies for default#minimal-java_2.11;1.0 [runtime]
== resolving dependencies for default#minimal-java_2.11;1.0 [compile]
== resolving dependencies default#minimal-java_2.11;1.0->org.scala-lang#scala-library;2.11.5 [compile->default(compile)]
== resolving dependencies default#minimal-java_2.11;1.0->org.scala-lang#scala-library;2.11.5 [compile->runtime]
== resolving dependencies default#minimal-java_2.11;1.0->org.scala-lang#scala-library;2.11.5 [compile->compile]
== resolving dependencies default#minimal-java_2.11;1.0->org.scala-lang#scala-library;2.11.5 [compile->master]
== resolving dependencies default#minimal-java_2.11;1.0->junit#junit;4.12 [test->default(compile)]
== resolving dependencies default#minimal-java_2.11;1.0->junit#junit;4.12 [test->runtime]
== resolving dependencies default#minimal-java_2.11;1.0->junit#junit;4.12 [test->compile]
== resolving dependencies junit#junit;4.12->org.hamcrest#hamcrest-core;1.3 [compile->compile(*)]
== resolving dependencies junit#junit;4.12->org.hamcrest#hamcrest-core;1.3 [compile->master(compile)]
== resolving dependencies junit#junit;4.12->org.hamcrest#hamcrest-core;1.3 [runtime->runtime(*)]
== resolving dependencies junit#junit;4.12->org.hamcrest#hamcrest-core;1.3 [runtime->compile]
== resolving dependencies default#minimal-java_2.11;1.0->junit#junit;4.12 [test->master]
== resolving dependencies default#minimal-java_2.11;1.0->com.novocode#junit-interface;0.11 [test->default(compile)]
== resolving dependencies default#minimal-java_2.11;1.0->com.novocode#junit-interface;0.11 [test->runtime]
== resolving dependencies default#minimal-java_2.11;1.0->com.novocode#junit-interface;0.11 [test->compile]
== resolving dependencies com.novocode#junit-interface;0.11->junit#junit;4.11 [compile->master(*)]
== resolving dependencies com.novocode#junit-interface;0.11->junit#junit;4.12 [compile->master(*)]
== resolving dependencies com.novocode#junit-interface;0.11->junit#junit;4.11 [compile->compile(*)]
== resolving dependencies com.novocode#junit-interface;0.11->junit#junit;4.12 [compile->compile(*)]
== resolving dependencies com.novocode#junit-interface;0.11->org.scala-sbt#test-interface;1.0 [compile->master(*)]
== resolving dependencies com.novocode#junit-interface;0.11->org.scala-sbt#test-interface;1.0 [compile->compile(*)]
== resolving dependencies com.novocode#junit-interface;0.11->junit#junit;4.11 [runtime->runtime(*)]
== resolving dependencies com.novocode#junit-interface;0.11->junit#junit;4.12 [runtime->runtime(*)]
== resolving dependencies com.novocode#junit-interface;0.11->junit#junit;4.12 [runtime->compile]
== resolving dependencies com.novocode#junit-interface;0.11->org.scala-sbt#test-interface;1.0 [runtime->runtime(*)]
== resolving dependencies com.novocode#junit-interface;0.11->org.scala-sbt#test-interface;1.0 [runtime->compile]
== resolving dependencies default#minimal-java_2.11;1.0->com.novocode#junit-interface;0.11 [test->master]
== resolving dependencies for default#minimal-java_2.11;1.0 [optional]
== resolving dependencies for default#minimal-java_2.11;1.0 [provided]
resolving dependencies for configuration 'plugin'
== resolving dependencies for default#minimal-java_2.11;1.0 [plugin]
resolving dependencies for configuration 'sources'
== resolving dependencies for default#minimal-java_2.11;1.0 [sources]
resolving dependencies for configuration 'docs'
== resolving dependencies for default#minimal-java_2.11;1.0 [docs]
resolving dependencies for configuration 'pom'
== resolving dependencies for default#minimal-java_2.11;1.0 [pom]
resolving dependencies for configuration 'scala-tool'
== resolving dependencies for default#minimal-java_2.11;1.0 [scala-tool]
== resolving dependencies default#minimal-java_2.11;1.0->org.scala-lang#scala-compiler;2.11.5 [scala-tool->default]
Read from stdout: Resolving org.scala-lang#scala-compiler;2.11.5 ...
Resolving org.scala-lang#scala-compiler;2.11.5 ...
sbt-chain: Checking cache for: dependency: org.scala-lang#scala-compiler;2.11.5 {scala-tool=[default, optional(default)]}
sbt-chain: module revision found in cache: org.scala-lang#scala-compiler;2.11.5
	found org.scala-lang#scala-compiler;2.11.5 in sbt-chain
== resolving dependencies default#minimal-java_2.11;1.0->org.scala-lang#scala-compiler;2.11.5 [scala-tool->runtime]
== resolving dependencies default#minimal-java_2.11;1.0->org.scala-lang#scala-compiler;2.11.5 [scala-tool->compile]
== resolving dependencies org.scala-lang#scala-compiler;2.11.5->org.scala-lang#scala-library;2.11.5 [compile->compile(*)]
== resolving dependencies org.scala-lang#scala-compiler;2.11.5->org.scala-lang#scala-library;2.11.5 [compile->master(compile)]
== resolving dependencies org.scala-lang#scala-compiler;2.11.5->org.scala-lang#scala-library;2.11.5 [compile->default]
== resolving dependencies org.scala-lang#scala-compiler;2.11.5->org.scala-lang#scala-library;2.11.5 [compile->runtime]
== resolving dependencies org.scala-lang#scala-compiler;2.11.5->org.scala-lang#scala-library;2.11.5 [compile->compile]
== resolving dependencies org.scala-lang#scala-compiler;2.11.5->org.scala-lang#scala-library;2.11.5 [compile->master]
== resolving dependencies org.scala-lang#scala-compiler;2.11.5->org.scala-lang#scala-library;2.11.5 [compile->runtime(*)]
== resolving dependencies org.scala-lang#scala-compiler;2.11.5->org.scala-lang#scala-library;2.11.5 [compile->compile]
== resolving dependencies org.scala-lang#scala-compiler;2.11.5->org.scala-lang#scala-library;2.11.5 [compile->optional(default)]
== resolving dependencies org.scala-lang#scala-compiler;2.11.5->org.scala-lang#scala-reflect;2.11.5 [compile->compile(*)]
Read from stdout: Resolving org.scala-lang#scala-reflect;2.11.5 ...
Resolving org.scala-lang#scala-reflect;2.11.5 ...
sbt-chain: Checking cache for: dependency: org.scala-lang#scala-reflect;2.11.5 {compile=[compile(*), master(compile)], runtime=[runtime(*)]}
sbt-chain: module revision found in cache: org.scala-lang#scala-reflect;2.11.5
	found org.scala-lang#scala-reflect;2.11.5 in sbt-chain
	[2.11.5] org.scala-lang#scala-reflect;2.11.5
== resolving dependencies org.scala-lang#scala-reflect;2.11.5->org.scala-lang#scala-library;2.11.5 [compile->compile(*)]
== resolving dependencies org.scala-lang#scala-reflect;2.11.5->org.scala-lang#scala-library;2.11.5 [compile->master(compile)]
== resolving dependencies org.scala-lang#scala-compiler;2.11.5->org.scala-lang#scala-reflect;2.11.5 [compile->master(compile)]
== resolving dependencies org.scala-lang#scala-compiler;2.11.5->org.scala-lang#scala-reflect;2.11.5 [compile->runtime(*)]
== resolving dependencies org.scala-lang#scala-compiler;2.11.5->org.scala-lang#scala-reflect;2.11.5 [compile->compile]
== resolving dependencies org.scala-lang#scala-reflect;2.11.5->org.scala-lang#scala-library;2.11.5 [runtime->runtime(*)]
== resolving dependencies org.scala-lang#scala-reflect;2.11.5->org.scala-lang#scala-library;2.11.5 [runtime->compile]
== resolving dependencies org.scala-lang#scala-compiler;2.11.5->org.scala-lang.modules#scala-xml_2.11;1.0.3 [compile->compile(*)]
Read from stdout: Resolving org.scala-lang.modules#scala-xml_2.11;1.0.3 ...
Resolving org.scala-lang.modules#scala-xml_2.11;1.0.3 ...
sbt-chain: Checking cache for: dependency: org.scala-lang.modules#scala-xml_2.11;1.0.3 {compile=[compile(*), master(compile)], runtime=[runtime(*)]}
sbt-chain: module revision found in cache: org.scala-lang.modules#scala-xml_2.11;1.0.3
	found org.scala-lang.modules#scala-xml_2.11;1.0.3 in sbt-chain
== resolving dependencies org.scala-lang.modules#scala-xml_2.11;1.0.3->org.scala-lang#scala-library;2.11.4 [compile->compile(*)]
== resolving dependencies org.scala-lang.modules#scala-xml_2.11;1.0.3->org.scala-lang#scala-library;2.11.5 [compile->compile(*)]
== resolving dependencies org.scala-lang.modules#scala-xml_2.11;1.0.3->org.scala-lang#scala-library;2.11.4 [compile->master(compile)]
== resolving dependencies org.scala-lang.modules#scala-xml_2.11;1.0.3->org.scala-lang#scala-library;2.11.5 [compile->master(compile)]
== resolving dependencies org.scala-lang#scala-compiler;2.11.5->org.scala-lang.modules#scala-xml_2.11;1.0.3 [compile->master(compile)]
== resolving dependencies org.scala-lang#scala-compiler;2.11.5->org.scala-lang.modules#scala-xml_2.11;1.0.3 [compile->runtime(*)]
== resolving dependencies org.scala-lang#scala-compiler;2.11.5->org.scala-lang.modules#scala-xml_2.11;1.0.3 [compile->compile]
== resolving dependencies org.scala-lang.modules#scala-xml_2.11;1.0.3->org.scala-lang#scala-library;2.11.4 [runtime->runtime(*)]
== resolving dependencies org.scala-lang.modules#scala-xml_2.11;1.0.3->org.scala-lang#scala-library;2.11.5 [runtime->runtime(*)]
== resolving dependencies org.scala-lang.modules#scala-xml_2.11;1.0.3->org.scala-lang#scala-library;2.11.5 [runtime->compile]
== resolving dependencies org.scala-lang#scala-compiler;2.11.5->org.scala-lang.modules#scala-parser-combinators_2.11;1.0.3 [compile->compile(*)]
Read from stdout: Resolving org.scala-lang.modules#scala-parser-combinators_2.11;1.0.3 ...
Resolving org.scala-lang.modules#scala-parser-combinators_2.11;1.0.3 ...
sbt-chain: Checking cache for: dependency: org.scala-lang.modules#scala-parser-combinators_2.11;1.0.3 {compile=[compile(*), master(compile)], runtime=[runtime(*)]}
sbt-chain: module revision found in cache: org.scala-lang.modules#scala-parser-combinators_2.11;1.0.3
	found org.scala-lang.modules#scala-parser-combinators_2.11;1.0.3 in sbt-chain
== resolving dependencies org.scala-lang.modules#scala-parser-combinators_2.11;1.0.3->org.scala-lang#scala-library;2.11.2 [compile->compile(*)]
== resolving dependencies org.scala-lang.modules#scala-parser-combinators_2.11;1.0.3->org.scala-lang#scala-library;2.11.5 [compile->compile(*)]
== resolving dependencies org.scala-lang.modules#scala-parser-combinators_2.11;1.0.3->org.scala-lang#scala-library;2.11.2 [compile->master(compile)]
== resolving dependencies org.scala-lang.modules#scala-parser-combinators_2.11;1.0.3->org.scala-lang#scala-library;2.11.5 [compile->master(compile)]
== resolving dependencies org.scala-lang#scala-compiler;2.11.5->org.scala-lang.modules#scala-parser-combinators_2.11;1.0.3 [compile->master(compile)]
== resolving dependencies org.scala-lang#scala-compiler;2.11.5->org.scala-lang.modules#scala-parser-combinators_2.11;1.0.3 [compile->runtime(*)]
== resolving dependencies org.scala-lang#scala-compiler;2.11.5->org.scala-lang.modules#scala-parser-combinators_2.11;1.0.3 [compile->compile]
== resolving dependencies org.scala-lang.modules#scala-parser-combinators_2.11;1.0.3->org.scala-lang#scala-library;2.11.2 [runtime->runtime(*)]
== resolving dependencies org.scala-lang.modules#scala-parser-combinators_2.11;1.0.3->org.scala-lang#scala-library;2.11.5 [runtime->runtime(*)]
== resolving dependencies org.scala-lang.modules#scala-parser-combinators_2.11;1.0.3->org.scala-lang#scala-library;2.11.5 [runtime->compile]
== resolving dependencies org.scala-lang#scala-compiler;2.11.5->org.scala-lang#scala-library;2.11.5 [runtime->runtime(*)]
== resolving dependencies org.scala-lang#scala-compiler;2.11.5->org.scala-lang#scala-library;2.11.5 [runtime->compile]
== resolving dependencies org.scala-lang#scala-compiler;2.11.5->org.scala-lang#scala-reflect;2.11.5 [runtime->runtime(*)]
== resolving dependencies org.scala-lang#scala-compiler;2.11.5->org.scala-lang#scala-reflect;2.11.5 [runtime->compile]
== resolving dependencies org.scala-lang#scala-compiler;2.11.5->org.scala-lang.modules#scala-xml_2.11;1.0.3 [runtime->runtime(*)]
== resolving dependencies org.scala-lang#scala-compiler;2.11.5->org.scala-lang.modules#scala-xml_2.11;1.0.3 [runtime->compile]
== resolving dependencies org.scala-lang#scala-compiler;2.11.5->org.scala-lang.modules#scala-parser-combinators_2.11;1.0.3 [runtime->runtime(*)]
== resolving dependencies org.scala-lang#scala-compiler;2.11.5->org.scala-lang.modules#scala-parser-combinators_2.11;1.0.3 [runtime->compile]
== resolving dependencies default#minimal-java_2.11;1.0->org.scala-lang#scala-compiler;2.11.5 [scala-tool->master]
== resolving dependencies default#minimal-java_2.11;1.0->org.scala-lang#scala-compiler;2.11.5 [scala-tool->optional(default)]
== resolving dependencies org.scala-lang#scala-compiler;2.11.5->jline#jline;2.12 [optional->compile(*)]
Read from stdout: Resolving jline#jline;2.12 ...
Resolving jline#jline;2.12 ...
sbt-chain: Checking cache for: dependency: jline#jline;2.12 {optional=[compile(*), master(compile)]}
sbt-chain: module revision found in cache: jline#jline;2.12
	found jline#jline;2.12 in sbt-chain
== resolving dependencies org.scala-lang#scala-compiler;2.11.5->jline#jline;2.12 [optional->master(compile)]
== resolving dependencies default#minimal-java_2.11;1.0->org.scala-lang#scala-library;2.11.5 [scala-tool->default]
== resolving dependencies default#minimal-java_2.11;1.0->org.scala-lang#scala-library;2.11.5 [scala-tool->runtime]
== resolving dependencies default#minimal-java_2.11;1.0->org.scala-lang#scala-library;2.11.5 [scala-tool->compile]
== resolving dependencies default#minimal-java_2.11;1.0->org.scala-lang#scala-library;2.11.5 [scala-tool->master]
== resolving dependencies default#minimal-java_2.11;1.0->org.scala-lang#scala-library;2.11.5 [scala-tool->optional(default)]
	resolved ivy file produced in cache
:: downloading artifacts ::
	[NOT REQUIRED] org.scala-lang#scala-library;2.11.5!scala-library.jar
	[NOT REQUIRED] junit#junit;4.12!junit.jar
	[NOT REQUIRED] com.novocode#junit-interface;0.11!junit-interface.jar
	[NOT REQUIRED] org.hamcrest#hamcrest-core;1.3!hamcrest-core.jar
	[NOT REQUIRED] org.scala-sbt#test-interface;1.0!test-interface.jar
	[NOT REQUIRED] org.scala-lang#scala-compiler;2.11.5!scala-compiler.jar
	[NOT REQUIRED] org.scala-lang#scala-reflect;2.11.5!scala-reflect.jar
	[NOT REQUIRED] org.scala-lang.modules#scala-xml_2.11;1.0.3!scala-xml_2.11.jar(bundle)
	[NOT REQUIRED] org.scala-lang.modules#scala-parser-combinators_2.11;1.0.3!scala-parser-combinators_2.11.jar(bundle)
	[NOT REQUIRED] jline#jline;2.12!jline.jar
:: resolution report :: resolve 650ms :: artifacts dl 24ms
	report for default#minimal-java_2.11;1.0 compile produced in /cal/homes/pdeboisset/Documents/P4/hakka/minimal-java/target/resolution-cache/reports/default-minimal-java_2.11-compile.xml
	report for default#minimal-java_2.11;1.0 runtime produced in /cal/homes/pdeboisset/Documents/P4/hakka/minimal-java/target/resolution-cache/reports/default-minimal-java_2.11-runtime.xml
	report for default#minimal-java_2.11;1.0 test produced in /cal/homes/pdeboisset/Documents/P4/hakka/minimal-java/target/resolution-cache/reports/default-minimal-java_2.11-test.xml
	report for default#minimal-java_2.11;1.0 provided produced in /cal/homes/pdeboisset/Documents/P4/hakka/minimal-java/target/resolution-cache/reports/default-minimal-java_2.11-provided.xml
	report for default#minimal-java_2.11;1.0 optional produced in /cal/homes/pdeboisset/Documents/P4/hakka/minimal-java/target/resolution-cache/reports/default-minimal-java_2.11-optional.xml
	report for default#minimal-java_2.11;1.0 compile-internal produced in /cal/homes/pdeboisset/Documents/P4/hakka/minimal-java/target/resolution-cache/reports/default-minimal-java_2.11-compile-internal.xml
	report for default#minimal-java_2.11;1.0 runtime-internal produced in /cal/homes/pdeboisset/Documents/P4/hakka/minimal-java/target/resolution-cache/reports/default-minimal-java_2.11-runtime-internal.xml
	report for default#minimal-java_2.11;1.0 test-internal produced in /cal/homes/pdeboisset/Documents/P4/hakka/minimal-java/target/resolution-cache/reports/default-minimal-java_2.11-test-internal.xml
	report for default#minimal-java_2.11;1.0 plugin produced in /cal/homes/pdeboisset/Documents/P4/hakka/minimal-java/target/resolution-cache/reports/default-minimal-java_2.11-plugin.xml
	report for default#minimal-java_2.11;1.0 sources produced in /cal/homes/pdeboisset/Documents/P4/hakka/minimal-java/target/resolution-cache/reports/default-minimal-java_2.11-sources.xml
	report for default#minimal-java_2.11;1.0 docs produced in /cal/homes/pdeboisset/Documents/P4/hakka/minimal-java/target/resolution-cache/reports/default-minimal-java_2.11-docs.xml
	report for default#minimal-java_2.11;1.0 pom produced in /cal/homes/pdeboisset/Documents/P4/hakka/minimal-java/target/resolution-cache/reports/default-minimal-java_2.11-pom.xml
	report for default#minimal-java_2.11;1.0 scala-tool produced in /cal/homes/pdeboisset/Documents/P4/hakka/minimal-java/target/resolution-cache/reports/default-minimal-java_2.11-scala-tool.xml
	resolve done (650ms resolve - 24ms download)
Read from stdout: Done updating.
Done updating.

Initial source changes: 
	removed:Set()
	added: Set()
	modified: Set()
Removed products: Set()
External API changes: API Changes: Set()
Modified binary dependencies: Set()
Initial directly invalidated sources: Set()

Sources indirectly invalidated by:
	product: Set()
	binary dep: Set()
	external source: Set()
All initially invalidated sources: Set()

Total time: 2 s, completed 6 mai 2015 11:05:33
> server-post-command-cleanup
> server-handle-next-server-request
> {file:/cal/homes/pdeboisset/Documents/P4/hakka/minimal-java/}minimal-java/compile:mainClass
Evaluating tasks: compile:mainClass
Running task... Cancel: sbt.server.ServerTaskCancellation@5d0fcb06, check cycles: false

Initial source changes: 
	removed:Set()
	added: Set()
	modified: Set()
Removed products: Set()
External API changes: API Changes: Set()
Modified binary dependencies: Set()
Initial directly invalidated sources: Set()

Sources indirectly invalidated by:
	product: Set()
	binary dep: Set()
	external source: Set()
All initially invalidated sources: Set()

Total time: 1 s, completed 6 mai 2015 11:05:34
> server-post-command-cleanup
> server-handle-next-server-request
> {file:/cal/homes/pdeboisset/Documents/P4/hakka/minimal-java/}minimal-java/compile:discoveredMainClasses
Evaluating tasks: compile:discoveredMainClasses
Running task... Cancel: sbt.server.ServerTaskCancellation@5f915fb6, check cycles: false

Initial source changes: 
	removed:Set()
	added: Set()
	modified: Set()
Removed products: Set()
External API changes: API Changes: Set()
Modified binary dependencies: Set()
Initial directly invalidated sources: Set()

Sources indirectly invalidated by:
	product: Set()
	binary dep: Set()
	external source: Set()
All initially invalidated sources: Set()

Total time: 0 s, completed 6 mai 2015 11:05:35
> server-post-command-cleanup
> server-handle-next-server-request
> {file:/cal/homes/pdeboisset/Documents/P4/hakka/minimal-java/}minimal-java/compile:mainClass
Evaluating tasks: compile:mainClass
Running task... Cancel: sbt.server.ServerTaskCancellation@3c690f2, check cycles: false

Initial source changes: 
	removed:Set()
	added: Set()
	modified: Set()
Removed products: Set()
External API changes: API Changes: Set()
Modified binary dependencies: Set()
Initial directly invalidated sources: Set()

Sources indirectly invalidated by:
	product: Set()
	binary dep: Set()
	external source: Set()
All initially invalidated sources: Set()

Total time: 0 s, completed 6 mai 2015 11:05:35
> server-post-command-cleanup
> server-handle-next-server-request
