New log file opened at Wed May 13 12:00:39 CEST 2015 by 6204@Bumblebee
Sending msg to client activator-8421f7f0-7287-4820-baed-979edef818d3: DetachedLogEvent(LogMessage(debug,sbt server socket logs are in: C:\Users\Mel\hello-akka\.sbtserver\connections\master.log))
Sending msg to client activator-8421f7f0-7287-4820-baed-979edef818d3: DetachedLogEvent(LogMessage(debug,sbt client logs are in: C:\Users\Mel\hello-akka\.sbtserver\connections\activator-8421f7f0-7287-4820-baed-979edef818d3.log))
Sending msg to client activator-8421f7f0-7287-4820-baed-979edef818d3: DetachedLogEvent(LogMessage(debug,sbt general server logs are in: C:\Users\Mel\hello-akka\.sbtserver\master.log))
Reading next message from client.
Got request: ListenToEvents()
Reading next message from client.
Got request: ListenToBuildChange()
Reading next message from client.
Got request: ExecutionRequest(compile)
Reading next message from client.
Got request: SendSyntheticBuildChanged()
Reading next message from client.
Sending msg to client activator-8421f7f0-7287-4820-baed-979edef818d3: DetachedLogEvent(LogMessage(debug,> --initialize))
Sending msg to client activator-8421f7f0-7287-4820-baed-979edef818d3: DetachedLogEvent(LogMessage(debug,> initialize))
Sending msg to client activator-8421f7f0-7287-4820-baed-979edef818d3: DetachedLogEvent(LogMessage(debug,> onFailure load-failed))
Sending msg to client activator-8421f7f0-7287-4820-baed-979edef818d3: DetachedLogEvent(LogMessage(debug,> boot))
Sending msg to client activator-8421f7f0-7287-4820-baed-979edef818d3: DetachedLogEvent(LogMessage(debug,> reload))
Got request: KeyLookupRequest(discoveredMainClasses)
Reading next message from client.
Got request: KeyLookupRequest(mainClass)
Reading next message from client.
Got request: KeyLookupRequest(echo:echoTraceSupported)
Reading next message from client.
Got request: KeyLookupRequest(echo:echoPlayVersionReport)
Reading next message from client.
Got request: KeyLookupRequest(echo:echoAkkaVersionReport)
Reading next message from client.
Got request: KeyLookupRequest(echo:echoTracePlayVersion)
Reading next message from client.
Sending msg to client activator-8421f7f0-7287-4820-baed-979edef818d3: (3,ReceivedResponse())
Sending msg to client activator-8421f7f0-7287-4820-baed-979edef818d3: DetachedLogEvent(LogMessage(debug,[Loading] Scanning directory C:\Users\Mel\hello-akka\project))
Sending msg to client activator-8421f7f0-7287-4820-baed-979edef818d3: DetachedLogEvent(LogMessage(debug,[Loading] Found non-root projects ))
Sending msg to client activator-8421f7f0-7287-4820-baed-979edef818d3: DetachedLogEvent(LogMessage(debug,[Loading] Done in C:\Users\Mel\hello-akka\project, returning: ()))
Sending msg to client activator-8421f7f0-7287-4820-baed-979edef818d3: DetachedLogEvent(LogMessage(debug,deducing auto plugins based on known facts Set(Atom(sbt.plugins.CorePlugin)) and clauses Clauses(List(Clause(Atom(sbt.plugins.JvmPlugin),Set(Atom(sbt.plugins.IvyPlugin))), Clause(Atom(sbt.plugins.JUnitXmlReportPlugin),Set(Atom(sbt.plugins.JvmPlugin))), Clause(Atom(sbt.plugins.CorePlugin),Set(Atom(sbt.plugins.IvyPlugin))), Clause(Atom(sbt.plugins.IvyPlugin),Set(Atom(sbt.plugins.JvmPlugin))), Clause(Atom(sbt.plugins.JvmPlugin),Set(Atom(sbt.plugins.JUnitXmlReportPlugin)))))))
Sending msg to client activator-8421f7f0-7287-4820-baed-979edef818d3: DetachedLogEvent(LogMessage(debug,  :: deduced result: Matched(sbt.plugins.CorePlugin,sbt.plugins.IvyPlugin,sbt.plugins.JvmPlugin,sbt.plugins.JUnitXmlReportPlugin)))
Sending msg to client activator-8421f7f0-7287-4820-baed-979edef818d3: DetachedLogEvent(LogMessage(debug,sorting: ns: List(sbt.plugins.CorePlugin, sbt.plugins.IvyPlugin, sbt.plugins.JvmPlugin, sbt.plugins.JUnitXmlReportPlugin)))
Sending msg to client activator-8421f7f0-7287-4820-baed-979edef818d3: DetachedLogEvent(LogMessage(debug,  :: sorting:: found: List(sbt.plugins.CorePlugin) not found List(sbt.plugins.IvyPlugin, sbt.plugins.JvmPlugin, sbt.plugins.JUnitXmlReportPlugin)))
Sending msg to client activator-8421f7f0-7287-4820-baed-979edef818d3: DetachedLogEvent(LogMessage(debug,  :: sorting:: found: List(sbt.plugins.CorePlugin, sbt.plugins.IvyPlugin) not found List(sbt.plugins.JvmPlugin, sbt.plugins.JUnitXmlReportPlugin)))
Sending msg to client activator-8421f7f0-7287-4820-baed-979edef818d3: DetachedLogEvent(LogMessage(debug,  :: sorting:: found: List(sbt.plugins.CorePlugin, sbt.plugins.IvyPlugin, sbt.plugins.JvmPlugin) not found List(sbt.plugins.JUnitXmlReportPlugin)))
Sending msg to client activator-8421f7f0-7287-4820-baed-979edef818d3: DetachedLogEvent(LogMessage(debug,  :: sorting:: found: List(sbt.plugins.CorePlugin, sbt.plugins.IvyPlugin, sbt.plugins.JvmPlugin, sbt.plugins.JUnitXmlReportPlugin) not found List()))
Sending msg to client activator-8421f7f0-7287-4820-baed-979edef818d3: DetachedLogEvent(LogMessage(debug,  :: sorted deduced result: List(sbt.plugins.CorePlugin, sbt.plugins.IvyPlugin, sbt.plugins.JvmPlugin, sbt.plugins.JUnitXmlReportPlugin)))
Sending msg to client activator-8421f7f0-7287-4820-baed-979edef818d3: DetachedLogEvent(LogMessage(debug,[Loading] Done in C:\Users\Mel\hello-akka\project, returning: (hello-akka-build)))
Sending msg to client activator-8421f7f0-7287-4820-baed-979edef818d3: DetachedLogEvent(LogMessage(info,Loading project definition from C:\Users\Mel\hello-akka\project))
Sending msg to client activator-8421f7f0-7287-4820-baed-979edef818d3: DetachedLogEvent(LogMessage(debug,Running task... Cancel: sbt.TaskCancellationStrategy$Null$@6bc2fe4f, check cycles: false))
