New log file opened at Wed May 06 11:13:24 CEST 2015 by 18209@c126-13
Taking next connection to: 38870
New client attempting to connect on port: 48653-38870
  Address = /137.194.35.173:38870
This client on port 48653 has uuid 1dc30c66-134d-4c00-9bd0-20ae50e2321c configName activator humanReadableName Activator protocolVersion 1 featureTags Vector()
Connected Clients: activator-1dc30c66-134d-4c00-9bd0-20ae50e2321c
Taking next connection to: 38870
New client attempting to connect on port: 48654-38870
  Address = /137.194.35.173:38870
Handshake exception on socket: 48654
sbt.impl.ipc.HandshakeException: Unable to perform handshake
	at sbt.impl.ipc.Peer.handshake(IPC.scala:46)
	at sbt.impl.ipc.MultiClientServer.<init>(IPC.scala:150)
	at sbt.server.SbtServerSocketHandler$$anon$1.run(SbtServerSocketHandler.scala:43)
Caused by: java.io.EOFException
	at java.io.DataInputStream.readInt(DataInputStream.java:392)
	at sbt.impl.ipc.Peer.receive(IPC.scala:95)
	at sbt.impl.ipc.Peer.handshake(IPC.scala:49)
	... 2 more
Taking next connection to: 38870
New client attempting to connect on port: 48655-38870
  Address = /137.194.35.173:38870
This client on port 48655 has uuid 120a0c38-e4b2-4101-8e3f-31e6546ed7b7 configName activator humanReadableName Activator protocolVersion 1 featureTags Vector()
Connected Clients: activator-1dc30c66-134d-4c00-9bd0-20ae50e2321c, activator-120a0c38-e4b2-4101-8e3f-31e6546ed7b7
Taking next connection to: 38870
Checking to see if clients are empty...
We have 1 non-daemon clients, continuing serving connections.
Taking next connection to: 38870
Checking to see if clients are empty...
We have 1 non-daemon clients, continuing serving connections.
Taking next connection to: 38870
